Fontconfig error: "/home/with9/.config/fontconfig/fonts.conf", line 2: invalid doctype "html"
Fontconfig warning: "/home/with9/.config/fontconfig/fonts.conf", line 3: unknown element "html"
Fontconfig warning: "/home/with9/.config/fontconfig/fonts.conf", line 4: unknown element "head"
Fontconfig warning: "/home/with9/.config/fontconfig/fonts.conf", line 5: unknown element "meta"
Fontconfig warning: "/home/with9/.config/fontconfig/fonts.conf", line 6: unknown element "link"
Fontconfig warning: "/home/with9/.config/fontconfig/fonts.conf", line 7: unknown element "link"
Fontconfig warning: "/home/with9/.config/fontconfig/fonts.conf", line 8: unknown element "link"
Fontconfig warning: "/home/with9/.config/fontconfig/fonts.conf", line 9: unknown element "link"
Fontconfig warning: "/home/with9/.config/fontconfig/fonts.conf", line 10: unknown element "link"
Fontconfig warning: "/home/with9/.config/fontconfig/fonts.conf", line 11: unknown element "link"
Fontconfig warning: "/home/with9/.config/fontconfig/fonts.conf", line 12: unknown element "link"
Fontconfig warning: "/home/with9/.config/fontconfig/fonts.conf", line 13: unknown element "link"
Fontconfig error: "/home/with9/.config/fontconfig/fonts.conf", line 13: invalid attribute 'rel'
Fontconfig error: "/home/with9/.config/fontconfig/fonts.conf", line 13: invalid attribute 'crossorigin'
Fontconfig error: "/home/with9/.config/fontconfig/fonts.conf", line 13: invalid attribute 'href'
Fontconfig error: "/home/with9/.config/fontconfig/fonts.conf", line 13: invalid attribute 'media'
Fontconfig error: "/home/with9/.config/fontconfig/fonts.conf", line 13: invalid attribute 'integrity'
Fontconfig warning: "/home/with9/.config/fontconfig/fonts.conf", line 14: unknown element "link"
Fontconfig error: "/home/with9/.config/fontconfig/fonts.conf", line 14: invalid attribute 'rel'
Fontconfig error: "/home/with9/.config/fontconfig/fonts.conf", line 14: invalid attribute 'crossorigin'
Fontconfig error: "/home/with9/.config/fontconfig/fonts.conf", line 14: invalid attribute 'href'
Fontconfig error: "/home/with9/.config/fontconfig/fonts.conf", line 14: invalid attribute 'media'
Fontconfig error: "/home/with9/.config/fontconfig/fonts.conf", line 14: invalid attribute 'integrity'
Fontconfig warning: "/home/with9/.config/fontconfig/fonts.conf", line 15: unknown element "link"
Fontconfig error: "/home/with9/.config/fontconfig/fonts.conf", line 15: invalid attribute 'rel'
Fontconfig error: "/home/with9/.config/fontconfig/fonts.conf", line 15: invalid attribute 'crossorigin'
Fontconfig error: "/home/with9/.config/fontconfig/fonts.conf", line 15: invalid attribute 'href'
Fontconfig error: "/home/with9/.config/fontconfig/fonts.conf", line 15: invalid attribute 'media'
Fontconfig error: "/home/with9/.config/fontconfig/fonts.conf", line 15: invalid attribute 'integrity'
Fontconfig warning: "/home/with9/.config/fontconfig/fonts.conf", line 16: unknown element "meta"
Fontconfig warning: "/home/with9/.config/fontconfig/fonts.conf", line 17: unknown element "title"
Fontconfig warning: "/home/with9/.config/fontconfig/fonts.conf", line 18: unknown element "meta"
Fontconfig warning: "/home/with9/.config/fontconfig/fonts.conf", line 19: unknown element "link"
Fontconfig warning: "/home/with9/.config/fontconfig/fonts.conf", line 20: unknown element "link"
Fontconfig warning: "/home/with9/.config/fontconfig/fonts.conf", line 21: unknown element "meta"
Fontconfig warning: "/home/with9/.config/fontconfig/fonts.conf", line 22: unknown element "meta"
Fontconfig error: "/home/with9/.config/fontconfig/fonts.conf", line 22: invalid attribute 'content'
Fontconfig error: "/home/with9/.config/fontconfig/fonts.conf", line 22: invalid attribute 'name'
Fontconfig warning: "/home/with9/.config/fontconfig/fonts.conf", line 23: unknown element "meta"
Fontconfig error: "/home/with9/.config/fontconfig/fonts.conf", line 23: invalid attribute 'content'
Fontconfig error: "/home/with9/.config/fontconfig/fonts.conf", line 23: invalid attribute 'name'
Fontconfig warning: "/home/with9/.config/fontconfig/fonts.conf", line 24: unknown element "meta"
Fontconfig error: "/home/with9/.config/fontconfig/fonts.conf", line 24: invalid attribute 'content'
Fontconfig error: "/home/with9/.config/fontconfig/fonts.conf", line 24: invalid attribute 'name'
Fontconfig warning: "/home/with9/.config/fontconfig/fonts.conf", line 25: unknown element "meta"
Fontconfig error: "/home/with9/.config/fontconfig/fonts.conf", line 25: invalid attribute 'content'
Fontconfig error: "/home/with9/.config/fontconfig/fonts.conf", line 25: invalid attribute 'name'
Fontconfig warning: "/home/with9/.config/fontconfig/fonts.conf", line 26: unknown element "meta"
Fontconfig error: "/home/with9/.config/fontconfig/fonts.conf", line 26: invalid attribute 'content'
Fontconfig error: "/home/with9/.config/fontconfig/fonts.conf", line 26: invalid attribute 'name'
Fontconfig warning: "/home/with9/.config/fontconfig/fonts.conf", line 27: unknown element "meta"
Fontconfig error: "/home/with9/.config/fontconfig/fonts.conf", line 27: invalid attribute 'content'
Fontconfig error: "/home/with9/.config/fontconfig/fonts.conf", line 27: invalid attribute 'property'
Fontconfig warning: "/home/with9/.config/fontconfig/fonts.conf", line 28: unknown element "meta"
Fontconfig error: "/home/with9/.config/fontconfig/fonts.conf", line 28: invalid attribute 'content'
Fontconfig error: "/home/with9/.config/fontconfig/fonts.conf", line 28: invalid attribute 'property'
Fontconfig warning: "/home/with9/.config/fontconfig/fonts.conf", line 29: unknown element "meta"
Fontconfig error: "/home/with9/.config/fontconfig/fonts.conf", line 29: invalid attribute 'content'
Fontconfig error: "/home/with9/.config/fontconfig/fonts.conf", line 29: invalid attribute 'property'
Fontconfig warning: "/home/with9/.config/fontconfig/fonts.conf", line 30: unknown element "meta"
Fontconfig error: "/home/with9/.config/fontconfig/fonts.conf", line 30: invalid attribute 'content'
Fontconfig error: "/home/with9/.config/fontconfig/fonts.conf", line 30: invalid attribute 'property'
Fontconfig warning: "/home/with9/.config/fontconfig/fonts.conf", line 31: unknown element "meta"
Fontconfig error: "/home/with9/.config/fontconfig/fonts.conf", line 31: invalid attribute 'content'
Fontconfig error: "/home/with9/.config/fontconfig/fonts.conf", line 31: invalid attribute 'property'
Fontconfig warning: "/home/with9/.config/fontconfig/fonts.conf", line 32: unknown element "meta"
Fontconfig error: "/home/with9/.config/fontconfig/fonts.conf", line 32: invalid attribute 'content'
Fontconfig error: "/home/with9/.config/fontconfig/fonts.conf", line 32: invalid attribute 'property'
Fontconfig warning: "/home/with9/.config/fontconfig/fonts.conf", line 33: unknown element "link"
Fontconfig warning: "/home/with9/.config/fontconfig/fonts.conf", line 34: unknown element "meta"
Fontconfig error: "/home/with9/.config/fontconfig/fonts.conf", line 34: invalid attribute 'content'
Fontconfig error: "/home/with9/.config/fontconfig/fonts.conf", line 34: invalid attribute 'name'
Fontconfig error: "/home/with9/.config/fontconfig/fonts.conf", line 35: invalid attribute 'rel'
Fontconfig error: "/home/with9/.config/fontconfig/fonts.conf", line 35: invalid attribute 'href'
Fontconfig error: "/home/with9/.config/fontconfig/fonts.conf", line 36: invalid attribute 'content'
Fontconfig error: "/home/with9/.config/fontconfig/fonts.conf", line 36: invalid attribute 'property'
Fontconfig error: "/home/with9/.config/fontconfig/fonts.conf", line 37: invalid attribute 'rel'
Fontconfig error: "/home/with9/.config/fontconfig/fonts.conf", line 37: invalid attribute 'href'
Fontconfig error: "/home/with9/.config/fontconfig/fonts.conf", line 37: invalid attribute 'title'
Fontconfig error: "/home/with9/.config/fontconfig/fonts.conf", line 38: invalid attribute 'type'
Fontconfig error: "/home/with9/.config/fontconfig/fonts.conf", line 38: invalid attribute 'rel'
Fontconfig error: "/home/with9/.config/fontconfig/fonts.conf", line 38: invalid attribute 'href'
Fontconfig error: "/home/with9/.config/fontconfig/fonts.conf", line 38: invalid attribute 'title'
Fontconfig error: "/home/with9/.config/fontconfig/fonts.conf", line 39: invalid attribute 'content'
Fontconfig error: "/home/with9/.config/fontconfig/fonts.conf", line 39: invalid attribute 'name'
Fontconfig error: "/home/with9/.config/fontconfig/fonts.conf", line 40: invalid attribute 'content'
Fontconfig error: "/home/with9/.config/fontconfig/fonts.conf", line 40: invalid attribute 'name'
Fontconfig error: "/home/with9/.config/fontconfig/fonts.conf", line 41: invalid attribute 'rel'
Fontconfig error: "/home/with9/.config/fontconfig/fonts.conf", line 41: invalid attribute 'href'
Fontconfig error: "/home/with9/.config/fontconfig/fonts.conf", line 42: invalid attribute 'rel'
Fontconfig error: "/home/with9/.config/fontconfig/fonts.conf", line 42: invalid attribute 'href'
Fontconfig error: "/home/with9/.config/fontconfig/fonts.conf", line 43: invalid attribute 'rel'
Fontconfig error: "/home/with9/.config/fontconfig/fonts.conf", line 43: invalid attribute 'href'
Fontconfig error: "/home/with9/.config/fontconfig/fonts.conf", line 44: invalid attribute 'rel'
Fontconfig error: "/home/with9/.config/fontconfig/fonts.conf", line 44: invalid attribute 'href'
Fontconfig error: "/home/with9/.config/fontconfig/fonts.conf", line 45: invalid attribute 'rel'
Fontconfig error: "/home/with9/.config/fontconfig/fonts.conf", line 45: invalid attribute 'href'
Fontconfig error: "/home/with9/.config/fontconfig/fonts.conf", line 46: invalid attribute 'rel'
Fontconfig error: "/home/with9/.config/fontconfig/fonts.conf", line 46: invalid attribute 'href'
Fontconfig error: "/home/with9/.config/fontconfig/fonts.conf", line 47: invalid attribute 'rel'
Fontconfig error: "/home/with9/.config/fontconfig/fonts.conf", line 47: invalid attribute 'href'
Fontconfig error: "/home/with9/.config/fontconfig/fonts.conf", line 48: invalid attribute 'charset'
Fontconfig error: "/home/with9/.config/fontconfig/fonts.conf", line 61: invalid attribute 'lang'
ioctl failed for wlan0, errno = 19 (没有那个设备)
ioctl failed for wlp2s0, errno = 19 (没有那个设备)
ioctl failed for wlp3s0, errno = 19 (没有那个设备)
ioctl failed for wlan0, errno = 19 (没有那个设备)
ioctl failed for wlp2s0, errno = 19 (没有那个设备)
ioctl failed for wlp3s0, errno = 19 (没有那个设备)
