正在查找 Git: git
将使用位于 git 的 Git 2.25.0
> git rev-parse --show-toplevel
> git rev-parse --git-dir
Open repository: /home/with9/repositories/plan_pickle
> git status -z -u
> git symbolic-ref --short HEAD
> git rev-parse master
> git rev-parse --symbolic-full-name master@{u}
> git rev-list --left-right master...refs/remotes/origin/master
> git for-each-ref --format %(refname) %(objectname) --sort -committerdate
> git remote --verbose
Failed to watch ref '/home/with9/repositories/plan_pickle/.git/refs/remotes/origin/master', is most likely packed.
Error: ENOENT: no such file or directory, watch '/home/with9/repositories/plan_pickle/.git/refs/remotes/origin/master'
	at FSWatcher.start (internal/fs/watchers.js:165:26)
	at Object.watch (fs.js:1270:11)
	at Object.t.watch (/usr/lib/code/extensions/git/dist/main.js:1:592056)
	at E.updateTransientWatchers (/usr/lib/code/extensions/git/dist/main.js:1:123260)
	at l.fire (/usr/lib/code/out/vs/workbench/services/extensions/node/extensionHostProcess.js:48:561)
	at R.updateModelState (/usr/lib/code/extensions/git/dist/main.js:1:142118)
> git config --get commit.template
> git check-ignore -v -z --stdin
> git pull --tags origin master
来自 github.com:with9/plan_pickle
 * branch            master     -> FETCH_HEAD
> git status -z -u
> git symbolic-ref --short HEAD
> git rev-parse master
> git rev-parse --symbolic-full-name master@{u}
> git rev-list --left-right master...refs/remotes/origin/master
> git for-each-ref --format %(refname) %(objectname) --sort -committerdate
> git remote --verbose
Failed to watch ref '/home/with9/repositories/plan_pickle/.git/refs/remotes/origin/master', is most likely packed.
Error: ENOENT: no such file or directory, watch '/home/with9/repositories/plan_pickle/.git/refs/remotes/origin/master'
	at FSWatcher.start (internal/fs/watchers.js:165:26)
	at Object.watch (fs.js:1270:11)
	at Object.t.watch (/usr/lib/code/extensions/git/dist/main.js:1:592056)
	at E.updateTransientWatchers (/usr/lib/code/extensions/git/dist/main.js:1:123260)
	at l.fire (/usr/lib/code/out/vs/workbench/services/extensions/node/extensionHostProcess.js:48:561)
	at R.updateModelState (/usr/lib/code/extensions/git/dist/main.js:1:142118)
> git config --get commit.template
> git show :ui.py
> git ls-files --stage -- /home/with9/repositories/plan_pickle/ui.py
> git cat-file -s 124b1ea48bf552efe83771e0d534324cc795c883
> git status -z -u
> git symbolic-ref --short HEAD
> git check-ignore -v -z --stdin
> git rev-parse master
> git rev-parse --symbolic-full-name master@{u}
> git rev-list --left-right master...refs/remotes/origin/master
> git for-each-ref --format %(refname) %(objectname) --sort -committerdate
> git remote --verbose
Failed to watch ref '/home/with9/repositories/plan_pickle/.git/refs/remotes/origin/master', is most likely packed.
Error: ENOENT: no such file or directory, watch '/home/with9/repositories/plan_pickle/.git/refs/remotes/origin/master'
	at FSWatcher.start (internal/fs/watchers.js:165:26)
	at Object.watch (fs.js:1270:11)
	at Object.t.watch (/usr/lib/code/extensions/git/dist/main.js:1:592056)
	at E.updateTransientWatchers (/usr/lib/code/extensions/git/dist/main.js:1:123260)
	at l.fire (/usr/lib/code/out/vs/workbench/services/extensions/node/extensionHostProcess.js:48:561)
	at R.updateModelState (/usr/lib/code/extensions/git/dist/main.js:1:142118)
> git config --get commit.template
> git check-ignore -v -z --stdin
> git show :.gitignore
> git ls-files --stage -- /home/with9/repositories/plan_pickle/.gitignore
> git check-ignore -v -z --stdin
> git status -z -u
> git symbolic-ref --short HEAD
> git rev-parse master
> git rev-parse --symbolic-full-name master@{u}
> git rev-list --left-right master...refs/remotes/origin/master
> git for-each-ref --format %(refname) %(objectname) --sort -committerdate
> git remote --verbose
Failed to watch ref '/home/with9/repositories/plan_pickle/.git/refs/remotes/origin/master', is most likely packed.
Error: ENOENT: no such file or directory, watch '/home/with9/repositories/plan_pickle/.git/refs/remotes/origin/master'
	at FSWatcher.start (internal/fs/watchers.js:165:26)
	at Object.watch (fs.js:1270:11)
	at Object.t.watch (/usr/lib/code/extensions/git/dist/main.js:1:592056)
	at E.updateTransientWatchers (/usr/lib/code/extensions/git/dist/main.js:1:123260)
	at l.fire (/usr/lib/code/out/vs/workbench/services/extensions/node/extensionHostProcess.js:48:561)
	at R.updateModelState (/usr/lib/code/extensions/git/dist/main.js:1:142118)
> git config --get commit.template
> git check-ignore -v -z --stdin
> git status -z -u
> git symbolic-ref --short HEAD
> git rev-parse master
> git rev-parse --symbolic-full-name master@{u}
> git rev-list --left-right master...refs/remotes/origin/master
> git for-each-ref --format %(refname) %(objectname) --sort -committerdate
> git remote --verbose
Failed to watch ref '/home/with9/repositories/plan_pickle/.git/refs/remotes/origin/master', is most likely packed.
Error: ENOENT: no such file or directory, watch '/home/with9/repositories/plan_pickle/.git/refs/remotes/origin/master'
	at FSWatcher.start (internal/fs/watchers.js:165:26)
	at Object.watch (fs.js:1270:11)
	at Object.t.watch (/usr/lib/code/extensions/git/dist/main.js:1:592056)
	at E.updateTransientWatchers (/usr/lib/code/extensions/git/dist/main.js:1:123260)
	at l.fire (/usr/lib/code/out/vs/workbench/services/extensions/node/extensionHostProcess.js:48:561)
	at R.updateModelState (/usr/lib/code/extensions/git/dist/main.js:1:142118)
> git config --get commit.template
> git check-ignore -v -z --stdin
> git check-ignore -v -z --stdin
> git status -z -u
> git symbolic-ref --short HEAD
> git rev-parse master
> git rev-parse --symbolic-full-name master@{u}
> git rev-list --left-right master...refs/remotes/origin/master
> git for-each-ref --format %(refname) %(objectname) --sort -committerdate
> git remote --verbose
Failed to watch ref '/home/with9/repositories/plan_pickle/.git/refs/remotes/origin/master', is most likely packed.
Error: ENOENT: no such file or directory, watch '/home/with9/repositories/plan_pickle/.git/refs/remotes/origin/master'
	at FSWatcher.start (internal/fs/watchers.js:165:26)
	at Object.watch (fs.js:1270:11)
	at Object.t.watch (/usr/lib/code/extensions/git/dist/main.js:1:592056)
	at E.updateTransientWatchers (/usr/lib/code/extensions/git/dist/main.js:1:123260)
	at l.fire (/usr/lib/code/out/vs/workbench/services/extensions/node/extensionHostProcess.js:48:561)
	at R.updateModelState (/usr/lib/code/extensions/git/dist/main.js:1:142118)
> git config --get commit.template
> git check-ignore -v -z --stdin
> git show :ui.py
> git ls-files --stage -- /home/with9/repositories/plan_pickle/ui.py
> git cat-file -s 124b1ea48bf552efe83771e0d534324cc795c883
> git show :showtoday.py
> git ls-files --stage -- /home/with9/repositories/plan_pickle/showtoday.py
> git cat-file -s 4b31ba892976ac3a4db77c1761df972aac69b62e
> git show :ui.py
> git ls-files --stage -- /home/with9/repositories/plan_pickle/ui.py
> git cat-file -s 124b1ea48bf552efe83771e0d534324cc795c883
> git status -z -u
> git symbolic-ref --short HEAD
> git rev-parse master
> git rev-parse --symbolic-full-name master@{u}
> git rev-list --left-right master...refs/remotes/origin/master
> git for-each-ref --format %(refname) %(objectname) --sort -committerdate
> git remote --verbose
Failed to watch ref '/home/with9/repositories/plan_pickle/.git/refs/remotes/origin/master', is most likely packed.
Error: ENOENT: no such file or directory, watch '/home/with9/repositories/plan_pickle/.git/refs/remotes/origin/master'
	at FSWatcher.start (internal/fs/watchers.js:165:26)
	at Object.watch (fs.js:1270:11)
	at Object.t.watch (/usr/lib/code/extensions/git/dist/main.js:1:592056)
	at E.updateTransientWatchers (/usr/lib/code/extensions/git/dist/main.js:1:123260)
	at l.fire (/usr/lib/code/out/vs/workbench/services/extensions/node/extensionHostProcess.js:48:561)
	at R.updateModelState (/usr/lib/code/extensions/git/dist/main.js:1:142118)
> git config --get commit.template
> git show :.vscode/launch.json
> git ls-files --stage -- /home/with9/repositories/plan_pickle/.vscode/launch.json
> git check-ignore -v -z --stdin
> git status -z -u
> git symbolic-ref --short HEAD
> git rev-parse master
> git rev-parse --symbolic-full-name master@{u}
> git rev-list --left-right master...refs/remotes/origin/master
> git for-each-ref --format %(refname) %(objectname) --sort -committerdate
> git remote --verbose
Failed to watch ref '/home/with9/repositories/plan_pickle/.git/refs/remotes/origin/master', is most likely packed.
Error: ENOENT: no such file or directory, watch '/home/with9/repositories/plan_pickle/.git/refs/remotes/origin/master'
	at FSWatcher.start (internal/fs/watchers.js:165:26)
	at Object.watch (fs.js:1270:11)
	at Object.t.watch (/usr/lib/code/extensions/git/dist/main.js:1:592056)
	at E.updateTransientWatchers (/usr/lib/code/extensions/git/dist/main.js:1:123260)
	at l.fire (/usr/lib/code/out/vs/workbench/services/extensions/node/extensionHostProcess.js:48:561)
	at R.updateModelState (/usr/lib/code/extensions/git/dist/main.js:1:142118)
> git config --get commit.template
> git status -z -u
> git symbolic-ref --short HEAD
> git rev-parse master
> git rev-parse --symbolic-full-name master@{u}
> git rev-list --left-right master...refs/remotes/origin/master
> git for-each-ref --format %(refname) %(objectname) --sort -committerdate
> git remote --verbose
Failed to watch ref '/home/with9/repositories/plan_pickle/.git/refs/remotes/origin/master', is most likely packed.
Error: ENOENT: no such file or directory, watch '/home/with9/repositories/plan_pickle/.git/refs/remotes/origin/master'
	at FSWatcher.start (internal/fs/watchers.js:165:26)
	at Object.watch (fs.js:1270:11)
	at Object.t.watch (/usr/lib/code/extensions/git/dist/main.js:1:592056)
	at E.updateTransientWatchers (/usr/lib/code/extensions/git/dist/main.js:1:123260)
	at l.fire (/usr/lib/code/out/vs/workbench/services/extensions/node/extensionHostProcess.js:48:561)
	at R.updateModelState (/usr/lib/code/extensions/git/dist/main.js:1:142118)
> git config --get commit.template
> git show :ui.py
> git ls-files --stage -- /home/with9/repositories/plan_pickle/ui.py
> git cat-file -s 124b1ea48bf552efe83771e0d534324cc795c883
> git show :.gitignore
> git ls-files --stage -- /home/with9/repositories/plan_pickle/.gitignore
> git show :ui.py
> git ls-files --stage -- /home/with9/repositories/plan_pickle/ui.py
> git cat-file -s 124b1ea48bf552efe83771e0d534324cc795c883
> git show HEAD:ui.py
> git ls-tree -l HEAD -- /home/with9/repositories/plan_pickle/ui.py
> git show :ui.py
> git ls-files --stage -- /home/with9/repositories/plan_pickle/ui.py
> git cat-file -s 124b1ea48bf552efe83771e0d534324cc795c883
> git check-ignore -v -z --stdin
> git show :.vscode/settings.json
> git ls-files --stage -- /home/with9/repositories/plan_pickle/.vscode/settings.json
> git show :.vscode/launch.json
> git ls-files --stage -- /home/with9/repositories/plan_pickle/.vscode/launch.json
> git status -z -u
> git symbolic-ref --short HEAD
> git rev-parse master
> git rev-parse --symbolic-full-name master@{u}
> git rev-list --left-right master...refs/remotes/origin/master
> git for-each-ref --format %(refname) %(objectname) --sort -committerdate
> git remote --verbose
Failed to watch ref '/home/with9/repositories/plan_pickle/.git/refs/remotes/origin/master', is most likely packed.
Error: ENOENT: no such file or directory, watch '/home/with9/repositories/plan_pickle/.git/refs/remotes/origin/master'
	at FSWatcher.start (internal/fs/watchers.js:165:26)
	at Object.watch (fs.js:1270:11)
	at Object.t.watch (/usr/lib/code/extensions/git/dist/main.js:1:592056)
	at E.updateTransientWatchers (/usr/lib/code/extensions/git/dist/main.js:1:123260)
	at l.fire (/usr/lib/code/out/vs/workbench/services/extensions/node/extensionHostProcess.js:48:561)
	at R.updateModelState (/usr/lib/code/extensions/git/dist/main.js:1:142118)
> git config --get commit.template
> git show HEAD:ui.py
> git ls-tree -l HEAD -- /home/with9/repositories/plan_pickle/ui.py
> git show :ui.py
> git ls-files --stage -- /home/with9/repositories/plan_pickle/ui.py
> git cat-file -s 124b1ea48bf552efe83771e0d534324cc795c883
> git ls-tree -l HEAD -- /home/with9/repositories/plan_pickle/ui.py
> git ls-tree -l HEAD -- /home/with9/repositories/plan_pickle/ui.py
> git checkout -q -- /home/with9/repositories/plan_pickle/ui.py
> git status -z -u
> git symbolic-ref --short HEAD
> git rev-parse master
> git rev-parse --symbolic-full-name master@{u}
> git rev-list --left-right master...refs/remotes/origin/master
> git for-each-ref --format %(refname) %(objectname) --sort -committerdate
> git remote --verbose
Failed to watch ref '/home/with9/repositories/plan_pickle/.git/refs/remotes/origin/master', is most likely packed.
Error: ENOENT: no such file or directory, watch '/home/with9/repositories/plan_pickle/.git/refs/remotes/origin/master'
	at FSWatcher.start (internal/fs/watchers.js:165:26)
	at Object.watch (fs.js:1270:11)
	at Object.t.watch (/usr/lib/code/extensions/git/dist/main.js:1:592056)
	at E.updateTransientWatchers (/usr/lib/code/extensions/git/dist/main.js:1:123260)
	at l.fire (/usr/lib/code/out/vs/workbench/services/extensions/node/extensionHostProcess.js:48:561)
	at R.updateModelState (/usr/lib/code/extensions/git/dist/main.js:1:142118)
> git config --get commit.template
> git ls-tree -l HEAD -- /home/with9/repositories/plan_pickle/ui.py
> git show HEAD:ui.py
> git status -z -u
> git symbolic-ref --short HEAD
> git rev-parse master
> git rev-parse --symbolic-full-name master@{u}
> git rev-list --left-right master...refs/remotes/origin/master
> git for-each-ref --format %(refname) %(objectname) --sort -committerdate
> git remote --verbose
Failed to watch ref '/home/with9/repositories/plan_pickle/.git/refs/remotes/origin/master', is most likely packed.
Error: ENOENT: no such file or directory, watch '/home/with9/repositories/plan_pickle/.git/refs/remotes/origin/master'
	at FSWatcher.start (internal/fs/watchers.js:165:26)
	at Object.watch (fs.js:1270:11)
	at Object.t.watch (/usr/lib/code/extensions/git/dist/main.js:1:592056)
	at E.updateTransientWatchers (/usr/lib/code/extensions/git/dist/main.js:1:123260)
	at l.fire (/usr/lib/code/out/vs/workbench/services/extensions/node/extensionHostProcess.js:48:561)
	at R.updateModelState (/usr/lib/code/extensions/git/dist/main.js:1:142118)
> git config --get commit.template
> git show :ui.py
> git ls-files --stage -- /home/with9/repositories/plan_pickle/ui.py
> git cat-file -s 124b1ea48bf552efe83771e0d534324cc795c883
> git show :.vscode/launch.json
> git ls-files --stage -- /home/with9/repositories/plan_pickle/.vscode/launch.json
> git show :ui.py
> git ls-files --stage -- /home/with9/repositories/plan_pickle/ui.py
> git cat-file -s 124b1ea48bf552efe83771e0d534324cc795c883
> git check-ignore -v -z --stdin
> git show :ui/mainWidget.ui
> git ls-files --stage -- /home/with9/repositories/plan_pickle/ui/mainWidget.ui
> git cat-file -s bee29c2bac282c2e72c40dcda3d4aebd6439d37d
> git show :.vscode/settings.json
> git ls-files --stage -- /home/with9/repositories/plan_pickle/.vscode/settings.json
> git show :.vscode/launch.json
> git ls-files --stage -- /home/with9/repositories/plan_pickle/.vscode/launch.json
> git show :.vscode/settings.json
> git ls-files --stage -- /home/with9/repositories/plan_pickle/.vscode/settings.json
> git show :.vscode/launch.json
> git ls-files --stage -- /home/with9/repositories/plan_pickle/.vscode/launch.json
> git status -z -u
> git symbolic-ref --short HEAD
> git rev-parse master
> git rev-parse --symbolic-full-name master@{u}
> git rev-list --left-right master...refs/remotes/origin/master
> git for-each-ref --format %(refname) %(objectname) --sort -committerdate
> git remote --verbose
Failed to watch ref '/home/with9/repositories/plan_pickle/.git/refs/remotes/origin/master', is most likely packed.
Error: ENOENT: no such file or directory, watch '/home/with9/repositories/plan_pickle/.git/refs/remotes/origin/master'
	at FSWatcher.start (internal/fs/watchers.js:165:26)
	at Object.watch (fs.js:1270:11)
	at Object.t.watch (/usr/lib/code/extensions/git/dist/main.js:1:592056)
	at E.updateTransientWatchers (/usr/lib/code/extensions/git/dist/main.js:1:123260)
	at l.fire (/usr/lib/code/out/vs/workbench/services/extensions/node/extensionHostProcess.js:48:561)
	at R.updateModelState (/usr/lib/code/extensions/git/dist/main.js:1:142118)
> git config --get commit.template
> git status -z -u
> git symbolic-ref --short HEAD
> git rev-parse master
> git rev-parse --symbolic-full-name master@{u}
> git rev-list --left-right master...refs/remotes/origin/master
> git for-each-ref --format %(refname) %(objectname) --sort -committerdate
> git remote --verbose
Failed to watch ref '/home/with9/repositories/plan_pickle/.git/refs/remotes/origin/master', is most likely packed.
Error: ENOENT: no such file or directory, watch '/home/with9/repositories/plan_pickle/.git/refs/remotes/origin/master'
	at FSWatcher.start (internal/fs/watchers.js:165:26)
	at Object.watch (fs.js:1270:11)
	at Object.t.watch (/usr/lib/code/extensions/git/dist/main.js:1:592056)
	at E.updateTransientWatchers (/usr/lib/code/extensions/git/dist/main.js:1:123260)
	at l.fire (/usr/lib/code/out/vs/workbench/services/extensions/node/extensionHostProcess.js:48:561)
	at R.updateModelState (/usr/lib/code/extensions/git/dist/main.js:1:142118)
> git config --get commit.template
> git status -z -u
> git symbolic-ref --short HEAD
> git rev-parse master
> git rev-parse --symbolic-full-name master@{u}
> git rev-list --left-right master...refs/remotes/origin/master
> git for-each-ref --format %(refname) %(objectname) --sort -committerdate
> git remote --verbose
Failed to watch ref '/home/with9/repositories/plan_pickle/.git/refs/remotes/origin/master', is most likely packed.
Error: ENOENT: no such file or directory, watch '/home/with9/repositories/plan_pickle/.git/refs/remotes/origin/master'
	at FSWatcher.start (internal/fs/watchers.js:165:26)
	at Object.watch (fs.js:1270:11)
	at Object.t.watch (/usr/lib/code/extensions/git/dist/main.js:1:592056)
	at E.updateTransientWatchers (/usr/lib/code/extensions/git/dist/main.js:1:123260)
	at l.fire (/usr/lib/code/out/vs/workbench/services/extensions/node/extensionHostProcess.js:48:561)
	at R.updateModelState (/usr/lib/code/extensions/git/dist/main.js:1:142118)
> git config --get commit.template
> git status -z -u
> git symbolic-ref --short HEAD
> git rev-parse master
> git rev-parse --symbolic-full-name master@{u}
> git rev-list --left-right master...refs/remotes/origin/master
> git for-each-ref --format %(refname) %(objectname) --sort -committerdate
> git remote --verbose
Failed to watch ref '/home/with9/repositories/plan_pickle/.git/refs/remotes/origin/master', is most likely packed.
Error: ENOENT: no such file or directory, watch '/home/with9/repositories/plan_pickle/.git/refs/remotes/origin/master'
	at FSWatcher.start (internal/fs/watchers.js:165:26)
	at Object.watch (fs.js:1270:11)
	at Object.t.watch (/usr/lib/code/extensions/git/dist/main.js:1:592056)
	at E.updateTransientWatchers (/usr/lib/code/extensions/git/dist/main.js:1:123260)
	at l.fire (/usr/lib/code/out/vs/workbench/services/extensions/node/extensionHostProcess.js:48:561)
	at R.updateModelState (/usr/lib/code/extensions/git/dist/main.js:1:142118)
> git config --get commit.template
> git status -z -u
> git symbolic-ref --short HEAD
> git rev-parse master
> git rev-parse --symbolic-full-name master@{u}
> git rev-list --left-right master...refs/remotes/origin/master
> git for-each-ref --format %(refname) %(objectname) --sort -committerdate
> git remote --verbose
Failed to watch ref '/home/with9/repositories/plan_pickle/.git/refs/remotes/origin/master', is most likely packed.
Error: ENOENT: no such file or directory, watch '/home/with9/repositories/plan_pickle/.git/refs/remotes/origin/master'
	at FSWatcher.start (internal/fs/watchers.js:165:26)
	at Object.watch (fs.js:1270:11)
	at Object.t.watch (/usr/lib/code/extensions/git/dist/main.js:1:592056)
	at E.updateTransientWatchers (/usr/lib/code/extensions/git/dist/main.js:1:123260)
	at l.fire (/usr/lib/code/out/vs/workbench/services/extensions/node/extensionHostProcess.js:48:561)
	at R.updateModelState (/usr/lib/code/extensions/git/dist/main.js:1:142118)
> git config --get commit.template
> git show :ui.py
> git ls-files --stage -- /home/with9/repositories/plan_pickle/ui.py
> git cat-file -s 124b1ea48bf552efe83771e0d534324cc795c883
> git show :.vscode/settings.json
> git ls-files --stage -- /home/with9/repositories/plan_pickle/.vscode/settings.json
> git show :.vscode/settings.json
> git ls-files --stage -- /home/with9/repositories/plan_pickle/.vscode/settings.json
> git status -z -u
> git symbolic-ref --short HEAD
> git rev-parse master
> git rev-parse --symbolic-full-name master@{u}
> git rev-list --left-right master...refs/remotes/origin/master
> git for-each-ref --format %(refname) %(objectname) --sort -committerdate
> git remote --verbose
Failed to watch ref '/home/with9/repositories/plan_pickle/.git/refs/remotes/origin/master', is most likely packed.
Error: ENOENT: no such file or directory, watch '/home/with9/repositories/plan_pickle/.git/refs/remotes/origin/master'
	at FSWatcher.start (internal/fs/watchers.js:165:26)
	at Object.watch (fs.js:1270:11)
	at Object.t.watch (/usr/lib/code/extensions/git/dist/main.js:1:592056)
	at E.updateTransientWatchers (/usr/lib/code/extensions/git/dist/main.js:1:123260)
	at l.fire (/usr/lib/code/out/vs/workbench/services/extensions/node/extensionHostProcess.js:48:561)
	at R.updateModelState (/usr/lib/code/extensions/git/dist/main.js:1:142118)
> git config --get commit.template
> git status -z -u
> git symbolic-ref --short HEAD
> git rev-parse master
> git rev-parse --symbolic-full-name master@{u}
> git rev-list --left-right master...refs/remotes/origin/master
> git for-each-ref --format %(refname) %(objectname) --sort -committerdate
> git remote --verbose
Failed to watch ref '/home/with9/repositories/plan_pickle/.git/refs/remotes/origin/master', is most likely packed.
Error: ENOENT: no such file or directory, watch '/home/with9/repositories/plan_pickle/.git/refs/remotes/origin/master'
	at FSWatcher.start (internal/fs/watchers.js:165:26)
	at Object.watch (fs.js:1270:11)
	at Object.t.watch (/usr/lib/code/extensions/git/dist/main.js:1:592056)
	at E.updateTransientWatchers (/usr/lib/code/extensions/git/dist/main.js:1:123260)
	at l.fire (/usr/lib/code/out/vs/workbench/services/extensions/node/extensionHostProcess.js:48:561)
	at R.updateModelState (/usr/lib/code/extensions/git/dist/main.js:1:142118)
> git config --get commit.template
> git status -z -u
> git symbolic-ref --short HEAD
> git rev-parse master
> git rev-parse --symbolic-full-name master@{u}
> git rev-list --left-right master...refs/remotes/origin/master
> git for-each-ref --format %(refname) %(objectname) --sort -committerdate
> git remote --verbose
Failed to watch ref '/home/with9/repositories/plan_pickle/.git/refs/remotes/origin/master', is most likely packed.
Error: ENOENT: no such file or directory, watch '/home/with9/repositories/plan_pickle/.git/refs/remotes/origin/master'
	at FSWatcher.start (internal/fs/watchers.js:165:26)
	at Object.watch (fs.js:1270:11)
	at Object.t.watch (/usr/lib/code/extensions/git/dist/main.js:1:592056)
	at E.updateTransientWatchers (/usr/lib/code/extensions/git/dist/main.js:1:123260)
	at l.fire (/usr/lib/code/out/vs/workbench/services/extensions/node/extensionHostProcess.js:48:561)
	at R.updateModelState (/usr/lib/code/extensions/git/dist/main.js:1:142118)
> git config --get commit.template
> git show :ui.py
> git ls-files --stage -- /home/with9/repositories/plan_pickle/ui.py
> git cat-file -s 124b1ea48bf552efe83771e0d534324cc795c883
> git status -z -u
> git symbolic-ref --short HEAD
> git rev-parse master
> git rev-parse --symbolic-full-name master@{u}
> git rev-list --left-right master...refs/remotes/origin/master
> git for-each-ref --format %(refname) %(objectname) --sort -committerdate
> git remote --verbose
Failed to watch ref '/home/with9/repositories/plan_pickle/.git/refs/remotes/origin/master', is most likely packed.
Error: ENOENT: no such file or directory, watch '/home/with9/repositories/plan_pickle/.git/refs/remotes/origin/master'
	at FSWatcher.start (internal/fs/watchers.js:165:26)
	at Object.watch (fs.js:1270:11)
	at Object.t.watch (/usr/lib/code/extensions/git/dist/main.js:1:592056)
	at E.updateTransientWatchers (/usr/lib/code/extensions/git/dist/main.js:1:123260)
	at l.fire (/usr/lib/code/out/vs/workbench/services/extensions/node/extensionHostProcess.js:48:561)
	at R.updateModelState (/usr/lib/code/extensions/git/dist/main.js:1:142118)
> git config --get commit.template
> git show HEAD:ui/mainWidget.ui
> git ls-tree -l HEAD -- /home/with9/repositories/plan_pickle/ui/mainWidget.ui
> git ls-tree -l HEAD -- /home/with9/repositories/plan_pickle/ui/mainWidget.ui
> git status -z -u
> git symbolic-ref --short HEAD
> git rev-parse master
> git rev-parse --symbolic-full-name master@{u}
> git rev-list --left-right master...refs/remotes/origin/master
> git for-each-ref --format %(refname) %(objectname) --sort -committerdate
> git remote --verbose
Failed to watch ref '/home/with9/repositories/plan_pickle/.git/refs/remotes/origin/master', is most likely packed.
Error: ENOENT: no such file or directory, watch '/home/with9/repositories/plan_pickle/.git/refs/remotes/origin/master'
	at FSWatcher.start (internal/fs/watchers.js:165:26)
	at Object.watch (fs.js:1270:11)
	at Object.t.watch (/usr/lib/code/extensions/git/dist/main.js:1:592056)
	at E.updateTransientWatchers (/usr/lib/code/extensions/git/dist/main.js:1:123260)
	at l.fire (/usr/lib/code/out/vs/workbench/services/extensions/node/extensionHostProcess.js:48:561)
	at R.updateModelState (/usr/lib/code/extensions/git/dist/main.js:1:142118)
> git config --get commit.template
> git show :ui.py
> git ls-files --stage -- /home/with9/repositories/plan_pickle/ui.py
> git cat-file -s 124b1ea48bf552efe83771e0d534324cc795c883
> git status -z -u
> git symbolic-ref --short HEAD
> git rev-parse master
> git rev-parse --symbolic-full-name master@{u}
> git rev-list --left-right master...refs/remotes/origin/master
> git for-each-ref --format %(refname) %(objectname) --sort -committerdate
> git remote --verbose
Failed to watch ref '/home/with9/repositories/plan_pickle/.git/refs/remotes/origin/master', is most likely packed.
Error: ENOENT: no such file or directory, watch '/home/with9/repositories/plan_pickle/.git/refs/remotes/origin/master'
	at FSWatcher.start (internal/fs/watchers.js:165:26)
	at Object.watch (fs.js:1270:11)
	at Object.t.watch (/usr/lib/code/extensions/git/dist/main.js:1:592056)
	at E.updateTransientWatchers (/usr/lib/code/extensions/git/dist/main.js:1:123260)
	at l.fire (/usr/lib/code/out/vs/workbench/services/extensions/node/extensionHostProcess.js:48:561)
	at R.updateModelState (/usr/lib/code/extensions/git/dist/main.js:1:142118)
> git config --get commit.template
git.stage 1
git.stage.scmResources 1
> git add -A -- /home/with9/repositories/plan_pickle/ui/mainWidget.ui
> git status -z -u
> git symbolic-ref --short HEAD
> git rev-parse master
> git rev-parse --symbolic-full-name master@{u}
> git rev-list --left-right master...refs/remotes/origin/master
> git for-each-ref --format %(refname) %(objectname) --sort -committerdate
> git remote --verbose
Failed to watch ref '/home/with9/repositories/plan_pickle/.git/refs/remotes/origin/master', is most likely packed.
Error: ENOENT: no such file or directory, watch '/home/with9/repositories/plan_pickle/.git/refs/remotes/origin/master'
	at FSWatcher.start (internal/fs/watchers.js:165:26)
	at Object.watch (fs.js:1270:11)
	at Object.t.watch (/usr/lib/code/extensions/git/dist/main.js:1:592056)
	at E.updateTransientWatchers (/usr/lib/code/extensions/git/dist/main.js:1:123260)
	at l.fire (/usr/lib/code/out/vs/workbench/services/extensions/node/extensionHostProcess.js:48:561)
	at R.updateModelState (/usr/lib/code/extensions/git/dist/main.js:1:142118)
> git config --get commit.template
> git ls-files --stage -- /home/with9/repositories/plan_pickle/ui.py
> git ls-files --stage -- /home/with9/repositories/plan_pickle/ui/mainWidget.ui
> git cat-file -s 124b1ea48bf552efe83771e0d534324cc795c883
> git cat-file -s b531cf3926febfc718934b6d2bdd44417ec81bba
> git show :ui.py
> git show :ui/mainWidget.ui
> git status -z -u
> git symbolic-ref --short HEAD
> git rev-parse master
> git rev-parse --symbolic-full-name master@{u}
> git rev-list --left-right master...refs/remotes/origin/master
> git for-each-ref --format %(refname) %(objectname) --sort -committerdate
> git remote --verbose
Failed to watch ref '/home/with9/repositories/plan_pickle/.git/refs/remotes/origin/master', is most likely packed.
Error: ENOENT: no such file or directory, watch '/home/with9/repositories/plan_pickle/.git/refs/remotes/origin/master'
	at FSWatcher.start (internal/fs/watchers.js:165:26)
	at Object.watch (fs.js:1270:11)
	at Object.t.watch (/usr/lib/code/extensions/git/dist/main.js:1:592056)
	at E.updateTransientWatchers (/usr/lib/code/extensions/git/dist/main.js:1:123260)
	at l.fire (/usr/lib/code/out/vs/workbench/services/extensions/node/extensionHostProcess.js:48:561)
	at R.updateModelState (/usr/lib/code/extensions/git/dist/main.js:1:142118)
> git config --get commit.template
> git commit --quiet --allow-empty-message --file -
> git status -z -u
> git symbolic-ref --short HEAD
> git rev-parse master
> git rev-parse --symbolic-full-name master@{u}
> git rev-list --left-right master...refs/remotes/origin/master
> git for-each-ref --format %(refname) %(objectname) --sort -committerdate
> git remote --verbose
Failed to watch ref '/home/with9/repositories/plan_pickle/.git/refs/remotes/origin/master', is most likely packed.
Error: ENOENT: no such file or directory, watch '/home/with9/repositories/plan_pickle/.git/refs/remotes/origin/master'
	at FSWatcher.start (internal/fs/watchers.js:165:26)
	at Object.watch (fs.js:1270:11)
	at Object.t.watch (/usr/lib/code/extensions/git/dist/main.js:1:592056)
	at E.updateTransientWatchers (/usr/lib/code/extensions/git/dist/main.js:1:123260)
	at l.fire (/usr/lib/code/out/vs/workbench/services/extensions/node/extensionHostProcess.js:48:561)
	at R.updateModelState (/usr/lib/code/extensions/git/dist/main.js:1:142118)
> git config --get commit.template
> git ls-files --stage -- /home/with9/repositories/plan_pickle/ui.py
> git ls-tree -l HEAD -- /home/with9/repositories/plan_pickle/ui/mainWidget.ui
> git cat-file -s 124b1ea48bf552efe83771e0d534324cc795c883
> git show HEAD:ui/mainWidget.ui
> git show :ui.py
> git status -z -u
> git symbolic-ref --short HEAD
> git rev-parse master
> git rev-parse --symbolic-full-name master@{u}
> git rev-list --left-right master...refs/remotes/origin/master
> git for-each-ref --format %(refname) %(objectname) --sort -committerdate
> git remote --verbose
Failed to watch ref '/home/with9/repositories/plan_pickle/.git/refs/remotes/origin/master', is most likely packed.
Error: ENOENT: no such file or directory, watch '/home/with9/repositories/plan_pickle/.git/refs/remotes/origin/master'
	at FSWatcher.start (internal/fs/watchers.js:165:26)
	at Object.watch (fs.js:1270:11)
	at Object.t.watch (/usr/lib/code/extensions/git/dist/main.js:1:592056)
	at E.updateTransientWatchers (/usr/lib/code/extensions/git/dist/main.js:1:123260)
	at l.fire (/usr/lib/code/out/vs/workbench/services/extensions/node/extensionHostProcess.js:48:561)
	at R.updateModelState (/usr/lib/code/extensions/git/dist/main.js:1:142118)
> git config --get commit.template
> git push origin master:master
To github.com:with9/plan_pickle.git
   198dbe9..153f0aa  master -> master
> git status -z -u
> git symbolic-ref --short HEAD
> git rev-parse master
> git rev-parse --symbolic-full-name master@{u}
> git rev-list --left-right master...refs/remotes/origin/master
> git for-each-ref --format %(refname) %(objectname) --sort -committerdate
> git remote --verbose
> git config --get commit.template
> git push origin master:master
Everything up-to-date
> git status -z -u
> git symbolic-ref --short HEAD
> git rev-parse master
> git rev-parse --symbolic-full-name master@{u}
> git rev-list --left-right master...refs/remotes/origin/master
> git for-each-ref --format %(refname) %(objectname) --sort -committerdate
> git remote --verbose
> git config --get commit.template
> git show :.gitignore
> git ls-files --stage -- /home/with9/repositories/plan_pickle/.gitignore
> git check-ignore -v -z --stdin
> git status -z -u
> git symbolic-ref --short HEAD
> git rev-parse master
> git rev-parse --symbolic-full-name master@{u}
> git rev-list --left-right master...refs/remotes/origin/master
> git for-each-ref --format %(refname) %(objectname) --sort -committerdate
> git remote --verbose
> git config --get commit.template
> git add -A -- .
> git status -z -u
> git symbolic-ref --short HEAD
> git rev-parse master
> git rev-parse --symbolic-full-name master@{u}
> git rev-list --left-right master...refs/remotes/origin/master
> git for-each-ref --format %(refname) %(objectname) --sort -committerdate
> git remote --verbose
> git config --get commit.template
> git ls-files --stage -- /home/with9/repositories/plan_pickle/.gitignore
> git show :.gitignore
> git status -z -u
> git symbolic-ref --short HEAD
> git rev-parse master
> git rev-parse --symbolic-full-name master@{u}
> git rev-list --left-right master...refs/remotes/origin/master
> git for-each-ref --format %(refname) %(objectname) --sort -committerdate
> git remote --verbose
> git config --get commit.template
> git commit --quiet --allow-empty-message --file -
> git status -z -u
> git symbolic-ref --short HEAD
> git rev-parse master
> git rev-parse --symbolic-full-name master@{u}
> git rev-list --left-right master...refs/remotes/origin/master
> git for-each-ref --format %(refname) %(objectname) --sort -committerdate
> git remote --verbose
> git config --get commit.template
> git ls-files --stage -- /home/with9/repositories/plan_pickle/.gitignore
> git show :.gitignore
> git status -z -u
> git symbolic-ref --short HEAD
> git rev-parse master
> git rev-parse --symbolic-full-name master@{u}
> git rev-list --left-right master...refs/remotes/origin/master
> git for-each-ref --format %(refname) %(objectname) --sort -committerdate
> git remote --verbose
> git config --get commit.template
> git push origin master:master
To github.com:with9/plan_pickle.git
   153f0aa..88cfaea  master -> master
> git status -z -u
> git symbolic-ref --short HEAD
> git rev-parse master
> git rev-parse --symbolic-full-name master@{u}
> git rev-list --left-right master...refs/remotes/origin/master
> git for-each-ref --format %(refname) %(objectname) --sort -committerdate
> git remote --verbose
> git config --get commit.template
> git ls-files --stage -- /home/with9/repositories/plan_pickle/.gitignore
> git show :.gitignore
> git status -z -u
> git symbolic-ref --short HEAD
> git rev-parse master
> git rev-parse --symbolic-full-name master@{u}
> git rev-list --left-right master...refs/remotes/origin/master
> git for-each-ref --format %(refname) %(objectname) --sort -committerdate
> git remote --verbose
> git config --get commit.template
