正在查找 Git: git
将使用位于 git 的 Git 2.25.0
> git rev-parse --show-toplevel
> git rev-parse --git-dir
Open repository: /home/with9/repositories/with_backup
> git status -z -u
> git symbolic-ref --short HEAD
> git rev-parse master
> git rev-parse --symbolic-full-name master@{u}
> git rev-list --left-right master...refs/remotes/origin/master
> git for-each-ref --format %(refname) %(objectname) --sort -committerdate
> git remote --verbose
Failed to watch ref '/home/with9/repositories/with_backup/.git/refs/remotes/origin/master', is most likely packed.
Error: ENOENT: no such file or directory, watch '/home/with9/repositories/with_backup/.git/refs/remotes/origin/master'
	at FSWatcher.start (internal/fs/watchers.js:165:26)
	at Object.watch (fs.js:1270:11)
	at Object.t.watch (/usr/lib/code/extensions/git/dist/main.js:1:592056)
	at E.updateTransientWatchers (/usr/lib/code/extensions/git/dist/main.js:1:123260)
	at l.fire (/usr/lib/code/out/vs/workbench/services/extensions/node/extensionHostProcess.js:48:561)
	at R.updateModelState (/usr/lib/code/extensions/git/dist/main.js:1:142118)
> git config --get commit.template
> git check-ignore -v -z --stdin
> git show :.zshrc
> git ls-files --stage -- /home/with9/repositories/with_backup/.zshrc
> git cat-file -s 33251bbc7a84c863db8ab8c3be75b05f2b376eeb
> git stash list
> git show -s --format=%H
%aN
%aE
%at
%P
%B -z HEAD
> git reset --soft HEAD~
> git status -z -u
> git symbolic-ref --short HEAD
> git rev-parse master
> git rev-parse --symbolic-full-name master@{u}
> git rev-list --left-right master...refs/remotes/origin/master
> git for-each-ref --format %(refname) %(objectname) --sort -committerdate
> git remote --verbose
Failed to watch ref '/home/with9/repositories/with_backup/.git/refs/remotes/origin/master', is most likely packed.
Error: ENOENT: no such file or directory, watch '/home/with9/repositories/with_backup/.git/refs/remotes/origin/master'
	at FSWatcher.start (internal/fs/watchers.js:165:26)
	at Object.watch (fs.js:1270:11)
	at Object.t.watch (/usr/lib/code/extensions/git/dist/main.js:1:592056)
	at E.updateTransientWatchers (/usr/lib/code/extensions/git/dist/main.js:1:123260)
	at l.fire (/usr/lib/code/out/vs/workbench/services/extensions/node/extensionHostProcess.js:48:561)
	at R.updateModelState (/usr/lib/code/extensions/git/dist/main.js:1:142118)
> git config --get commit.template
> git ls-files --stage -- /home/with9/repositories/with_backup/.zshrc
> git cat-file -s 33251bbc7a84c863db8ab8c3be75b05f2b376eeb
> git show :.zshrc
> git check-ignore -v -z --stdin
> git status -z -u
> git symbolic-ref --short HEAD
> git rev-parse master
> git rev-parse --symbolic-full-name master@{u}
> git rev-list --left-right master...refs/remotes/origin/master
> git for-each-ref --format %(refname) %(objectname) --sort -committerdate
> git remote --verbose
Failed to watch ref '/home/with9/repositories/with_backup/.git/refs/remotes/origin/master', is most likely packed.
Error: ENOENT: no such file or directory, watch '/home/with9/repositories/with_backup/.git/refs/remotes/origin/master'
	at FSWatcher.start (internal/fs/watchers.js:165:26)
	at Object.watch (fs.js:1270:11)
	at Object.t.watch (/usr/lib/code/extensions/git/dist/main.js:1:592056)
	at E.updateTransientWatchers (/usr/lib/code/extensions/git/dist/main.js:1:123260)
	at l.fire (/usr/lib/code/out/vs/workbench/services/extensions/node/extensionHostProcess.js:48:561)
	at R.updateModelState (/usr/lib/code/extensions/git/dist/main.js:1:142118)
> git config --get commit.template
> git show -s --format=%H
%aN
%aE
%at
%P
%B -z HEAD
> git reset --soft HEAD~
> git status -z -u
> git ls-files --stage -- /home/with9/repositories/with_backup/.zshrc
> git cat-file -s 33251bbc7a84c863db8ab8c3be75b05f2b376eeb
> git show :.zshrc
> git ls-files --stage -- /home/with9/repositories/with_backup/.zshrc
> git show :.zshrc
> git check-ignore -v -z --stdin
> git check-ignore -v -z --stdin
> git ls-files --stage -- /home/with9/repositories/with_backup/.zshrc
> git show :.zshrc
> git ls-files --stage -- /home/with9/repositories/with_backup/.zshrc
> git show :.zshrc
> git ls-files --stage -- /home/with9/repositories/with_backup/.zshrc
> git cat-file -s 33251bbc7a84c863db8ab8c3be75b05f2b376eeb
> git show :.zshrc
> git ls-files --stage -- /home/with9/repositories/with_backup/.zshrc
