[2020-02-22 22:36:45.191] [exthost] [info] extension host started
[2020-02-22 22:36:45.306] [exthost] [info] ExtensionService#_doActivateExtension GrapeCity.gc-excelviewer {"startup":false,"extensionId":{"value":"GrapeCity.gc-excelviewer","_lower":"grapecity.gc-excelviewer"},"activationEvent":"onLanguage:plaintext"}
[2020-02-22 22:36:45.307] [exthost] [info] ExtensionService#loadCommonJSModule file:///home/with9/.vscode-oss/extensions/grapecity.gc-excelviewer-2.1.33/dist/extension
[2020-02-22 22:36:45.441] [exthost] [info] ExtensionService#_doActivateExtension mechatroner.rainbow-csv {"startup":false,"extensionId":{"value":"mechatroner.rainbow-csv","_lower":"mechatroner.rainbow-csv"},"activationEvent":"onLanguage:plaintext"}
[2020-02-22 22:36:45.441] [exthost] [info] ExtensionService#loadCommonJSModule file:///home/with9/.vscode-oss/extensions/mechatroner.rainbow-csv-1.5.0/extension
[2020-02-22 22:36:45.449] [exthost] [info] ExtensionService#_doActivateExtension vscode.python {"startup":false,"extensionId":{"value":"vscode.python","_lower":"vscode.python"},"activationEvent":"onLanguage:python"}
[2020-02-22 22:36:45.450] [exthost] [info] ExtensionService#loadCommonJSModule file:///usr/lib/code/extensions/python/dist/pythonMain
[2020-02-22 22:36:45.452] [exthost] [info] ExtensionService#_doActivateExtension ms-python.python {"startup":false,"extensionId":{"value":"ms-python.python","_lower":"ms-python.python"},"activationEvent":"onLanguage:python"}
[2020-02-22 22:36:45.452] [exthost] [info] ExtensionService#loadCommonJSModule file:///home/with9/.vscode-oss/extensions/ms-python.python-2020.2.64397/out/client/extension
[2020-02-22 22:36:45.885] [exthost] [info] ExtensionService#_doActivateExtension vscode.debug-auto-launch {"startup":true,"extensionId":{"value":"vscode.debug-auto-launch","_lower":"vscode.debug-auto-launch"},"activationEvent":"*"}
[2020-02-22 22:36:45.885] [exthost] [info] ExtensionService#loadCommonJSModule file:///usr/lib/code/extensions/debug-auto-launch/dist/extension
[2020-02-22 22:36:45.889] [exthost] [info] ExtensionService#_doActivateExtension vscode.emmet {"startup":true,"extensionId":{"value":"vscode.emmet","_lower":"vscode.emmet"},"activationEvent":"*"}
[2020-02-22 22:36:45.890] [exthost] [info] ExtensionService#loadCommonJSModule file:///usr/lib/code/extensions/emmet/dist/extension
[2020-02-22 22:36:45.921] [exthost] [info] ExtensionService#_doActivateExtension vscode.git {"startup":true,"extensionId":{"value":"vscode.git","_lower":"vscode.git"},"activationEvent":"*"}
[2020-02-22 22:36:45.921] [exthost] [info] ExtensionService#loadCommonJSModule file:///usr/lib/code/extensions/git/dist/main
[2020-02-22 22:36:45.948] [exthost] [info] ExtensionService#_doActivateExtension vscode.merge-conflict {"startup":true,"extensionId":{"value":"vscode.merge-conflict","_lower":"vscode.merge-conflict"},"activationEvent":"*"}
[2020-02-22 22:36:45.948] [exthost] [info] ExtensionService#loadCommonJSModule file:///usr/lib/code/extensions/merge-conflict/dist/extension
[2020-02-22 22:36:45.951] [exthost] [info] ExtensionService#_doActivateExtension vscode.search-result {"startup":true,"extensionId":{"value":"vscode.search-result","_lower":"vscode.search-result"},"activationEvent":"*"}
[2020-02-22 22:36:45.951] [exthost] [info] ExtensionService#loadCommonJSModule file:///usr/lib/code/extensions/search-result/dist/extension.js
[2020-02-22 22:36:45.953] [exthost] [info] ExtensionService#_doActivateExtension vscode.vscode-account {"startup":true,"extensionId":{"value":"vscode.vscode-account","_lower":"vscode.vscode-account"},"activationEvent":"*"}
[2020-02-22 22:36:45.953] [exthost] [info] ExtensionService#loadCommonJSModule file:///usr/lib/code/extensions/vscode-account/dist/extension.js
[2020-02-22 22:36:45.955] [exthost] [info] ExtensionService#_doActivateExtension CoenraadS.bracket-pair-colorizer {"startup":true,"extensionId":{"value":"CoenraadS.bracket-pair-colorizer","_lower":"coenraads.bracket-pair-colorizer"},"activationEvent":"*"}
[2020-02-22 22:36:45.955] [exthost] [info] ExtensionService#loadCommonJSModule file:///home/with9/.vscode-oss/extensions/coenraads.bracket-pair-colorizer-1.0.61/out/src/extension
[2020-02-22 22:36:45.967] [exthost] [info] ExtensionService#_doActivateExtension ionutvmi.path-autocomplete {"startup":true,"extensionId":{"value":"ionutvmi.path-autocomplete","_lower":"ionutvmi.path-autocomplete"},"activationEvent":"*"}
[2020-02-22 22:36:45.967] [exthost] [info] ExtensionService#loadCommonJSModule file:///home/with9/.vscode-oss/extensions/ionutvmi.path-autocomplete-1.13.3/out/src/extension
[2020-02-22 22:36:45.973] [exthost] [info] ExtensionService#_doActivateExtension vscode-icons-team.vscode-icons {"startup":true,"extensionId":{"value":"vscode-icons-team.vscode-icons","_lower":"vscode-icons-team.vscode-icons"},"activationEvent":"*"}
[2020-02-22 22:36:45.973] [exthost] [info] ExtensionService#loadCommonJSModule file:///home/with9/.vscode-oss/extensions/vscode-icons-team.vscode-icons-10.0.0/dist/src/vscode-icons.bundle.js
[2020-02-22 22:36:45.997] [exthost] [info] eager extensions activated
[2020-02-22 22:36:51.293] [exthost] [info] ExtensionService#_doActivateExtension vscode.markdown-language-features {"startup":false,"extensionId":{"value":"vscode.markdown-language-features","_lower":"vscode.markdown-language-features"},"activationEvent":"onWebviewPanel:markdown.preview"}
[2020-02-22 22:36:51.294] [exthost] [info] ExtensionService#loadCommonJSModule file:///usr/lib/code/extensions/markdown-language-features/dist/extension
[2020-02-22 22:36:59.113] [exthost] [info] extension host started
[2020-02-22 22:36:59.215] [exthost] [info] ExtensionService#_doActivateExtension GrapeCity.gc-excelviewer {"startup":false,"extensionId":{"value":"GrapeCity.gc-excelviewer","_lower":"grapecity.gc-excelviewer"},"activationEvent":"onLanguage:plaintext"}
[2020-02-22 22:36:59.215] [exthost] [info] ExtensionService#loadCommonJSModule file:///home/with9/.vscode-oss/extensions/grapecity.gc-excelviewer-2.1.33/dist/extension
[2020-02-22 22:36:59.349] [exthost] [info] ExtensionService#_doActivateExtension mechatroner.rainbow-csv {"startup":false,"extensionId":{"value":"mechatroner.rainbow-csv","_lower":"mechatroner.rainbow-csv"},"activationEvent":"onLanguage:plaintext"}
[2020-02-22 22:36:59.349] [exthost] [info] ExtensionService#loadCommonJSModule file:///home/with9/.vscode-oss/extensions/mechatroner.rainbow-csv-1.5.0/extension
[2020-02-22 22:36:59.353] [exthost] [info] ExtensionService#_doActivateExtension vscode.python {"startup":false,"extensionId":{"value":"vscode.python","_lower":"vscode.python"},"activationEvent":"onLanguage:python"}
[2020-02-22 22:36:59.353] [exthost] [info] ExtensionService#loadCommonJSModule file:///usr/lib/code/extensions/python/dist/pythonMain
[2020-02-22 22:36:59.354] [exthost] [info] ExtensionService#_doActivateExtension ms-python.python {"startup":false,"extensionId":{"value":"ms-python.python","_lower":"ms-python.python"},"activationEvent":"onLanguage:python"}
[2020-02-22 22:36:59.354] [exthost] [info] ExtensionService#loadCommonJSModule file:///home/with9/.vscode-oss/extensions/ms-python.python-2020.2.64397/out/client/extension
[2020-02-22 22:37:00.303] [exthost] [info] ExtensionService#_doActivateExtension vscode.debug-auto-launch {"startup":true,"extensionId":{"value":"vscode.debug-auto-launch","_lower":"vscode.debug-auto-launch"},"activationEvent":"*"}
[2020-02-22 22:37:00.303] [exthost] [info] ExtensionService#loadCommonJSModule file:///usr/lib/code/extensions/debug-auto-launch/dist/extension
[2020-02-22 22:37:00.308] [exthost] [info] ExtensionService#_doActivateExtension vscode.emmet {"startup":true,"extensionId":{"value":"vscode.emmet","_lower":"vscode.emmet"},"activationEvent":"*"}
[2020-02-22 22:37:00.308] [exthost] [info] ExtensionService#loadCommonJSModule file:///usr/lib/code/extensions/emmet/dist/extension
[2020-02-22 22:37:00.345] [exthost] [info] ExtensionService#_doActivateExtension vscode.git {"startup":true,"extensionId":{"value":"vscode.git","_lower":"vscode.git"},"activationEvent":"*"}
[2020-02-22 22:37:00.345] [exthost] [info] ExtensionService#loadCommonJSModule file:///usr/lib/code/extensions/git/dist/main
[2020-02-22 22:37:00.378] [exthost] [info] ExtensionService#_doActivateExtension vscode.merge-conflict {"startup":true,"extensionId":{"value":"vscode.merge-conflict","_lower":"vscode.merge-conflict"},"activationEvent":"*"}
[2020-02-22 22:37:00.378] [exthost] [info] ExtensionService#loadCommonJSModule file:///usr/lib/code/extensions/merge-conflict/dist/extension
[2020-02-22 22:37:00.382] [exthost] [info] ExtensionService#_doActivateExtension vscode.search-result {"startup":true,"extensionId":{"value":"vscode.search-result","_lower":"vscode.search-result"},"activationEvent":"*"}
[2020-02-22 22:37:00.382] [exthost] [info] ExtensionService#loadCommonJSModule file:///usr/lib/code/extensions/search-result/dist/extension.js
[2020-02-22 22:37:00.384] [exthost] [info] ExtensionService#_doActivateExtension vscode.vscode-account {"startup":true,"extensionId":{"value":"vscode.vscode-account","_lower":"vscode.vscode-account"},"activationEvent":"*"}
[2020-02-22 22:37:00.384] [exthost] [info] ExtensionService#loadCommonJSModule file:///usr/lib/code/extensions/vscode-account/dist/extension.js
[2020-02-22 22:37:00.385] [exthost] [info] ExtensionService#_doActivateExtension CoenraadS.bracket-pair-colorizer {"startup":true,"extensionId":{"value":"CoenraadS.bracket-pair-colorizer","_lower":"coenraads.bracket-pair-colorizer"},"activationEvent":"*"}
[2020-02-22 22:37:00.385] [exthost] [info] ExtensionService#loadCommonJSModule file:///home/with9/.vscode-oss/extensions/coenraads.bracket-pair-colorizer-1.0.61/out/src/extension
[2020-02-22 22:37:00.397] [exthost] [info] ExtensionService#_doActivateExtension ionutvmi.path-autocomplete {"startup":true,"extensionId":{"value":"ionutvmi.path-autocomplete","_lower":"ionutvmi.path-autocomplete"},"activationEvent":"*"}
[2020-02-22 22:37:00.397] [exthost] [info] ExtensionService#loadCommonJSModule file:///home/with9/.vscode-oss/extensions/ionutvmi.path-autocomplete-1.13.3/out/src/extension
[2020-02-22 22:37:00.403] [exthost] [info] ExtensionService#_doActivateExtension vscode-icons-team.vscode-icons {"startup":true,"extensionId":{"value":"vscode-icons-team.vscode-icons","_lower":"vscode-icons-team.vscode-icons"},"activationEvent":"*"}
[2020-02-22 22:37:00.403] [exthost] [info] ExtensionService#loadCommonJSModule file:///home/with9/.vscode-oss/extensions/vscode-icons-team.vscode-icons-10.0.0/dist/src/vscode-icons.bundle.js
[2020-02-22 22:37:00.425] [exthost] [info] eager extensions activated
